2025/04/29 17:44:37 [1 3 231 257 12 0 9 10 11 202]
2025/04/29 17:44:37 successfully loaded filter!


 NAS Parallel Benchmarks (NPB3.4-OMP) - MG Benchmark

 No input file. Using compiled defaults 
 Size:  512x 512x 512  (class C)
 Iterations:                     20
 Number of available threads:    96

 Initialization time:           0.803 seconds

  iter   1
  iter   5
  iter  10
  iter  15
  iter  20

 Benchmark completed 
 VERIFICATION SUCCESSFUL 
 L2 Norm is  0.5706732285740E-06
 Error is    0.5955631928539E-13


 MG Benchmark Completed.
 Class           =                        C
 Size            =            512x 512x 512
 Iterations      =                       20
 Time in seconds =                     6.43
 Total threads   =                       96
 Avail threads   =                       96
 Mop/s total     =                 24203.88
 Mop/s/thread    =                   252.12
 Operation type  =           floating point
 Verification    =               SUCCESSFUL
 Version         =                    3.4.3
 Compile date    =              07 Apr 2025

 Compile options:
    FC           = gfortran
    FLINK        = $(FC)
    F_LIB        = (none)
    F_INC        = (none)
    FFLAGS       = -O3 -fopenmp
    FLINKFLAGS   = $(FFLAGS)
    RAND         = randi8


 Please send all errors/feedbacks to:

 NPB Development Team
 npb@nas.nasa.gov


