

 NAS Parallel Benchmarks (NPB3.4-OMP) - CG Benchmark

 Size:      150000
 Iterations:                     75
 Number of available threads:    96

 Initialization time =           0.562 seconds

   iteration           ||r||                 zeta
        1       0.35315974531942E-12   109.9994423237398
        5       0.89320186929416E-15    28.6471670038895
       10       0.91185763743743E-15    28.9496695448998
       15       0.90654975075412E-15    28.9716336228372
       20       0.91654571900396E-15    28.9734210663749
       25       0.90909847073285E-15    28.9735863059384
       30       0.91018482885126E-15    28.9736033967631
       35       0.90998171216423E-15    28.9736053266248
       40       0.90728680319747E-15    28.9736055590699
       45       0.91098380336099E-15    28.9736055884128
       50       0.90903180112144E-15    28.9736055922484
       55       0.90394346695734E-15    28.9736055927634
       60       0.90996765630006E-15    28.9736055928340
       65       0.90659734979367E-15    28.9736055928439
       70       0.90184427451522E-15    28.9736055928453
       75       0.90188106277785E-15    28.9736055928455
 Benchmark completed 
 VERIFICATION SUCCESSFUL 
 Zeta is     0.2897360559285E+02
 Error is    0.1777975066912E-13


 CG Benchmark Completed.
 Class           =                        C
 Size            =                   150000
 Iterations      =                       75
 Time in seconds =                    11.68
 Total threads   =                       96
 Avail threads   =                       96
 Mop/s total     =                 12270.74
 Mop/s/thread    =                   127.82
 Operation type  =           floating point
 Verification    =               SUCCESSFUL
 Version         =                    3.4.3
 Compile date    =              07 Apr 2025

 Compile options:
    FC           = gfortran
    FLINK        = $(FC)
    F_LIB        = (none)
    F_INC        = (none)
    FFLAGS       = -O3 -fopenmp
    FLINKFLAGS   = $(FFLAGS)
    RAND         = randi8


 Please send all errors/feedbacks to:

 NPB Development Team
 npb@nas.nasa.gov


