

 NAS Parallel Benchmarks (NPB3.4-OMP) - CG Benchmark

 Size:      150000
 Iterations:                     75
 Number of available threads:    96

 Initialization time =           0.557 seconds

   iteration           ||r||                 zeta
        1       0.35322495352873E-12   109.9994423237398
        5       0.89246584393287E-15    28.6471670038895
       10       0.91138419622302E-15    28.9496695448999
       15       0.90678042463550E-15    28.9716336228372
       20       0.91584033884299E-15    28.9734210663749
       25       0.90926667796061E-15    28.9735863059384
       30       0.90825977053914E-15    28.9736033967631
       35       0.90971502144505E-15    28.9736053266248
       40       0.90642697469319E-15    28.9736055590699
       45       0.91045552237793E-15    28.9736055884128
       50       0.91072807273798E-15    28.9736055922485
       55       0.90300523059522E-15    28.9736055927634
       60       0.90786002283427E-15    28.9736055928340
       65       0.90735202696843E-15    28.9736055928439
       70       0.90005778560072E-15    28.9736055928453
       75       0.90129199568042E-15    28.9736055928455
 Benchmark completed 
 VERIFICATION SUCCESSFUL 
 Zeta is     0.2897360559285E+02
 Error is    0.1777975066912E-13


 CG Benchmark Completed.
 Class           =                        C
 Size            =                   150000
 Iterations      =                       75
 Time in seconds =                    10.80
 Total threads   =                       96
 Avail threads   =                       96
 Mop/s total     =                 13267.56
 Mop/s/thread    =                   138.20
 Operation type  =           floating point
 Verification    =               SUCCESSFUL
 Version         =                    3.4.3
 Compile date    =              07 Apr 2025

 Compile options:
    FC           = gfortran
    FLINK        = $(FC)
    F_LIB        = (none)
    F_INC        = (none)
    FFLAGS       = -O3 -fopenmp
    FLINKFLAGS   = $(FFLAGS)
    RAND         = randi8


 Please send all errors/feedbacks to:

 NPB Development Team
 npb@nas.nasa.gov


