{"level":"info","ts":1745949694.365422,"caller":"frontend/addrfilter.go:53","msg":"=== Launching addrfilter ==="}
{"level":"info","ts":1745949694.5372791,"caller":"filter/filter.go:303","msg":"configuring bpf kill mode","mode":0}


 NAS Parallel Benchmarks (NPB3.4-OMP) - EP Benchmark

 Number of random numbers generated:      8589934592
 Number of available threads:                     96

{"level":"info","ts":1745949694.689257,"caller":"filter/filter.go:113","msg":"adding process to filter list","pid":4058351}
{"level":"info","ts":1745949694.690668,"caller":"filter/filter.go:381","msg":"updating libc address space","start":"0x7ffff7800000","end":"0x7ffff7a05000"}
EP Benchmark Results:

CPU Time =     1.569
N = 2^   32
No. Gaussian Pairs =    3373275903.
Sums =     2.691444083862888D+09    2.691519118724592D+09
Counts:
  0    1572172634.
  1    1501108549.
  2     281805648.
  3      17761221.
  4        424017.
  5          3821.
  6            13.
  7             0.
  8             0.
  9             0.


 EP Benchmark Completed.
 Class           =                        C
 Size            =               8589934592
 Iterations      =                        0
 Time in seconds =                     1.57
 Total threads   =                       96
 Avail threads   =                       96
 Mop/s total     =                  5473.59
 Mop/s/thread    =                    57.02
 Operation type  = Random numbers generated
 Verification    =               SUCCESSFUL
 Version         =                    3.4.3
 Compile date    =              07 Apr 2025

 Compile options:
    FC           = gfortran
    FLINK        = $(FC)
    F_LIB        = (none)
    F_INC        = (none)
    FFLAGS       = -O3 -fopenmp
    FLINKFLAGS   = $(FFLAGS)
    RAND         = randi8


 Please send all errors/feedbacks to:

 NPB Development Team
 npb@nas.nasa.gov


{"level":"info","ts":1745949696.20144,"caller":"filter/filter.go:209","msg":"warn buffer closed, exiting..."}
