{"level":"info","ts":1745669119.2430723,"caller":"frontend/addrfilter.go:53","msg":"=== Launching addrfilter ==="}
{"level":"info","ts":1745669119.4474883,"caller":"filter/filter.go:303","msg":"configuring bpf kill mode","mode":0}


 NAS Parallel Benchmarks (NPB3.4-OMP) - CG Benchmark

 Size:      150000
 Iterations:                     75
 Number of available threads:    96

{"level":"info","ts":1745669119.6018655,"caller":"filter/filter.go:113","msg":"adding process to filter list","pid":1241908}
{"level":"info","ts":1745669119.60246,"caller":"filter/filter.go:381","msg":"updating libc address space","start":"0x7ffff7800000","end":"0x7ffff7a05000"}
 Initialization time =           0.557 seconds

   iteration           ||r||                 zeta
        1       0.35316648132490E-12   109.9994423237398
        5       0.89260753621414E-15    28.6471670038896
       10       0.91151555833089E-15    28.9496695448998
       15       0.90560717608883E-15    28.9716336228372
       20       0.91608327992607E-15    28.9734210663749
       25       0.90829376924705E-15    28.9735863059383
       30       0.91007998290571E-15    28.9736033967630
       35       0.91020223877337E-15    28.9736053266249
       40       0.90699984550552E-15    28.9736055590699
       45       0.91040099291140E-15    28.9736055884129
       50       0.90919182534885E-15    28.9736055922485
       55       0.90351404983484E-15    28.9736055927634
       60       0.90909843759888E-15    28.9736055928340
       65       0.90765806586851E-15    28.9736055928439
       70       0.90183788318618E-15    28.9736055928453
       75       0.90034870128619E-15    28.9736055928456
 Benchmark completed 
 VERIFICATION SUCCESSFUL 
 Zeta is     0.2897360559285E+02
 Error is    0.1925117831070E-13


 CG Benchmark Completed.
 Class           =                        C
 Size            =                   150000
 Iterations      =                       75
 Time in seconds =                     8.38
 Total threads   =                       96
 Avail threads   =                       96
 Mop/s total     =                 17109.92
 Mop/s/thread    =                   178.23
 Operation type  =           floating point
 Verification    =               SUCCESSFUL
 Version         =                    3.4.3
 Compile date    =              07 Apr 2025

 Compile options:
    FC           = gfortran
    FLINK        = $(FC)
    F_LIB        = (none)
    F_INC        = (none)
    FFLAGS       = -O3 -fopenmp
    FLINKFLAGS   = $(FFLAGS)
    RAND         = randi8


 Please send all errors/feedbacks to:

 NPB Development Team
 npb@nas.nasa.gov


{"level":"info","ts":1745669128.463393,"caller":"filter/filter.go:209","msg":"warn buffer closed, exiting..."}
