2025/04/29 17:42:03 [11 231 1 12 202]
2025/04/29 17:42:03 successfully loaded filter!


 NAS Parallel Benchmarks (NPB3.4-OMP) - CG Benchmark

 Size:      150000
 Iterations:                     75
 Number of available threads:    96

 Initialization time =           0.578 seconds

   iteration           ||r||                 zeta
        1       0.35333975842402E-12   109.9994423237398
        5       0.89458753798903E-15    28.6471670038896
       10       0.91330546749010E-15    28.9496695448999
       15       0.90587775577383E-15    28.9716336228372
       20       0.91489254371821E-15    28.9734210663748
       25       0.90856339843339E-15    28.9735863059383
       30       0.90911867091695E-15    28.9736033967631
       35       0.91070935630831E-15    28.9736053266248
       40       0.90632158621550E-15    28.9736055590699
       45       0.90951579631307E-15    28.9736055884128
       50       0.90981135712424E-15    28.9736055922485
       55       0.90358314503624E-15    28.9736055927634
       60       0.90785395466736E-15    28.9736055928340
       65       0.90735150309165E-15    28.9736055928439
       70       0.90232415631234E-15    28.9736055928453
       75       0.90156437039020E-15    28.9736055928456
 Benchmark completed 
 VERIFICATION SUCCESSFUL 
 Zeta is     0.2897360559285E+02
 Error is    0.1974165419122E-13


 CG Benchmark Completed.
 Class           =                        C
 Size            =                   150000
 Iterations      =                       75
 Time in seconds =                    12.32
 Total threads   =                       96
 Avail threads   =                       96
 Mop/s total     =                 11636.53
 Mop/s/thread    =                   121.21
 Operation type  =           floating point
 Verification    =               SUCCESSFUL
 Version         =                    3.4.3
 Compile date    =              07 Apr 2025

 Compile options:
    FC           = gfortran
    FLINK        = $(FC)
    F_LIB        = (none)
    F_INC        = (none)
    FFLAGS       = -O3 -fopenmp
    FLINKFLAGS   = $(FFLAGS)
    RAND         = randi8


 Please send all errors/feedbacks to:

 NPB Development Team
 npb@nas.nasa.gov


