note: both iodepth >= 1 and synchronous I/O engine are selected, queue depth will be capped at 1
note: both iodepth >= 1 and synchronous I/O engine are selected, queue depth will be capped at 1
note: both iodepth >= 1 and synchronous I/O engine are selected, queue depth will be capped at 1
note: both iodepth >= 1 and synchronous I/O engine are selected, queue depth will be capped at 1
note: both iodepth >= 1 and synchronous I/O engine are selected, queue depth will be capped at 1
note: both iodepth >= 1 and synchronous I/O engine are selected, queue depth will be capped at 1
note: both iodepth >= 1 and synchronous I/O engine are selected, queue depth will be capped at 1
note: both iodepth >= 1 and synchronous I/O engine are selected, queue depth will be capped at 1
note: both iodepth >= 1 and synchronous I/O engine are selected, queue depth will be capped at 1
note: both iodepth >= 1 and synchronous I/O engine are selected, queue depth will be capped at 1
note: both iodepth >= 1 and synchronous I/O engine are selected, queue depth will be capped at 1
note: both iodepth >= 1 and synchronous I/O engine are selected, queue depth will be capped at 1
note: both iodepth >= 1 and synchronous I/O engine are selected, queue depth will be capped at 1
note: both iodepth >= 1 and synchronous I/O engine are selected, queue depth will be capped at 1
note: both iodepth >= 1 and synchronous I/O engine are selected, queue depth will be capped at 1
note: both iodepth >= 1 and synchronous I/O engine are selected, queue depth will be capped at 1
Jobs: 16 (f=16): [W(16)][100.0%][w=516MiB/s][w=515 IOPS][eta 00m:00s]
write_throughput: (groupid=0, jobs=16): err= 0: pid=2833959: Sun Apr 27 22:16:38 2025
  write: IOPS=514, BW=514MiB/s (539MB/s)(15.1GiB/30027msec); 0 zone resets
    clat (usec): min=2191, max=76145, avg=31036.26, stdev=2827.25
     lat (usec): min=2243, max=76204, avg=31080.64, stdev=2827.18
    clat percentiles (usec):
     |  1.00th=[25035],  5.00th=[30802], 10.00th=[30802], 20.00th=[31065],
     | 30.00th=[31065], 40.00th=[31065], 50.00th=[31065], 60.00th=[31065],
     | 70.00th=[31065], 80.00th=[31065], 90.00th=[31065], 95.00th=[31065],
     | 99.00th=[40633], 99.50th=[52691], 99.90th=[60031], 99.95th=[62129],
     | 99.99th=[62129]
   bw (  KiB/s): min=475078, max=575630, per=100.00%, avg=527210.76, stdev=1114.54, samples=955
   iops        : min=  463, max=  562, avg=513.65, stdev= 1.12, samples=955
  lat (msec)   : 4=0.03%, 10=0.17%, 20=0.53%, 50=98.69%, 100=0.58%
  cpu          : usr=0.19%, sys=0.43%, ctx=15558, majf=0, minf=581
  IO depths    : 1=100.0%, 2=0.0%, 4=0.0%, 8=0.0%, 16=0.0%, 32=0.0%, >=64=0.0%
     submit    : 0=0.0%, 4=100.0%, 8=0.0%, 16=0.0%, 32=0.0%, 64=0.0%, >=64=0.0%
     complete  : 0=0.0%, 4=100.0%, 8=0.0%, 16=0.0%, 32=0.0%, 64=0.0%, >=64=0.0%
     issued rwts: total=0,15448,0,0 short=0,0,0,0 dropped=0,0,0,0
     latency   : target=0, window=0, percentile=100.00%, depth=64

Run status group 0 (all jobs):
  WRITE: bw=514MiB/s (539MB/s), 514MiB/s-514MiB/s (539MB/s-539MB/s), io=15.1GiB (16.2GB), run=30027-30027msec

Disk stats (read/write):
  sdc: ios=0/16578, sectors=0/33764936, merge=0/105, ticks=0/510699, in_queue=510941, util=88.63%

