{"level":"info","ts":1745669110.3056793,"caller":"frontend/addrfilter.go:53","msg":"=== Launching addrfilter ==="}
{"level":"info","ts":1745669110.5169675,"caller":"filter/filter.go:303","msg":"configuring bpf kill mode","mode":0}


 NAS Parallel Benchmarks (NPB3.4-OMP) - CG Benchmark

 Size:      150000
 Iterations:                     75
 Number of available threads:    96

{"level":"info","ts":1745669110.6705053,"caller":"filter/filter.go:113","msg":"adding process to filter list","pid":1241491}
{"level":"info","ts":1745669110.6737456,"caller":"filter/filter.go:381","msg":"updating libc address space","start":"0x7ffff7800000","end":"0x7ffff7a05000"}
 Initialization time =           0.563 seconds

   iteration           ||r||                 zeta
        1       0.35302931022430E-12   109.9994423237398
        5       0.89227991153649E-15    28.6471670038896
       10       0.91250868157785E-15    28.9496695448999
       15       0.90653413792257E-15    28.9716336228372
       20       0.91616528912578E-15    28.9734210663748
       25       0.90901987315095E-15    28.9735863059384
       30       0.90887243945116E-15    28.9736033967631
       35       0.90989841571788E-15    28.9736053266248
       40       0.90798630854138E-15    28.9736055590699
       45       0.90933582121766E-15    28.9736055884128
       50       0.90934328165613E-15    28.9736055922485
       55       0.90408371431193E-15    28.9736055927634
       60       0.90839836561362E-15    28.9736055928340
       65       0.90731426819929E-15    28.9736055928439
       70       0.90063737843079E-15    28.9736055928454
       75       0.90120939158758E-15    28.9736055928455
 Benchmark completed 
 VERIFICATION SUCCESSFUL 
 Zeta is     0.2897360559285E+02
 Error is    0.1777975066912E-13


 CG Benchmark Completed.
 Class           =                        C
 Size            =                   150000
 Iterations      =                       75
 Time in seconds =                     8.04
 Total threads   =                       96
 Avail threads   =                       96
 Mop/s total     =                 17833.28
 Mop/s/thread    =                   185.76
 Operation type  =           floating point
 Verification    =               SUCCESSFUL
 Version         =                    3.4.3
 Compile date    =              07 Apr 2025

 Compile options:
    FC           = gfortran
    FLINK        = $(FC)
    F_LIB        = (none)
    F_INC        = (none)
    FFLAGS       = -O3 -fopenmp
    FLINKFLAGS   = $(FFLAGS)
    RAND         = randi8


 Please send all errors/feedbacks to:

 NPB Development Team
 npb@nas.nasa.gov


{"level":"info","ts":1745669119.1997223,"caller":"filter/filter.go:209","msg":"warn buffer closed, exiting..."}
