2025/04/26 11:51:46 [11 231 1 12 202]
2025/04/26 11:51:46 successfully loaded filter!


 NAS Parallel Benchmarks (NPB3.4-OMP) - CG Benchmark

 Size:      150000
 Iterations:                     75
 Number of available threads:    96

 Initialization time =           0.566 seconds

   iteration           ||r||                 zeta
        1       0.35313217172962E-12   109.9994423237398
        5       0.89374149553237E-15    28.6471670038896
       10       0.91126856403817E-15    28.9496695448998
       15       0.90544601728529E-15    28.9716336228372
       20       0.91551455500220E-15    28.9734210663748
       25       0.90895373123580E-15    28.9735863059384
       30       0.90935604804203E-15    28.9736033967631
       35       0.91012466281402E-15    28.9736053266248
       40       0.90642609648624E-15    28.9736055590699
       45       0.91045264966312E-15    28.9736055884128
       50       0.90841605644319E-15    28.9736055922485
       55       0.90392208110598E-15    28.9736055927634
       60       0.90809251593060E-15    28.9736055928340
       65       0.90691645259703E-15    28.9736055928440
       70       0.90218524049099E-15    28.9736055928454
       75       0.90192271419676E-15    28.9736055928455
 Benchmark completed 
 VERIFICATION SUCCESSFUL 
 Zeta is     0.2897360559285E+02
 Error is    0.1679879890806E-13


 CG Benchmark Completed.
 Class           =                        C
 Size            =                   150000
 Iterations      =                       75
 Time in seconds =                    10.41
 Total threads   =                       96
 Avail threads   =                       96
 Mop/s total     =                 13769.05
 Mop/s/thread    =                   143.43
 Operation type  =           floating point
 Verification    =               SUCCESSFUL
 Version         =                    3.4.3
 Compile date    =              07 Apr 2025

 Compile options:
    FC           = gfortran
    FLINK        = $(FC)
    F_LIB        = (none)
    F_INC        = (none)
    FFLAGS       = -O3 -fopenmp
    FLINKFLAGS   = $(FFLAGS)
    RAND         = randi8


 Please send all errors/feedbacks to:

 NPB Development Team
 npb@nas.nasa.gov


