2025/04/26 11:51:34 [11 231 1 12 202]
2025/04/26 11:51:34 successfully loaded filter!


 NAS Parallel Benchmarks (NPB3.4-OMP) - CG Benchmark

 Size:      150000
 Iterations:                     75
 Number of available threads:    96

 Initialization time =           0.561 seconds

   iteration           ||r||                 zeta
        1       0.35325238030529E-12   109.9994423237398
        5       0.89300510539113E-15    28.6471670038896
       10       0.91223467395816E-15    28.9496695448999
       15       0.90646341041310E-15    28.9716336228372
       20       0.91386555026548E-15    28.9734210663749
       25       0.90932059596464E-15    28.9735863059384
       30       0.90888945498835E-15    28.9736033967631
       35       0.90922190740808E-15    28.9736053266249
       40       0.90645114794760E-15    28.9736055590699
       45       0.90943307277333E-15    28.9736055884128
       50       0.90982112272326E-15    28.9736055922485
       55       0.90364514461176E-15    28.9736055927634
       60       0.90935973375071E-15    28.9736055928340
       65       0.90752111810528E-15    28.9736055928439
       70       0.90112237813529E-15    28.9736055928453
       75       0.90079159555292E-15    28.9736055928455
 Benchmark completed 
 VERIFICATION SUCCESSFUL 
 Zeta is     0.2897360559285E+02
 Error is    0.1876070243017E-13


 CG Benchmark Completed.
 Class           =                        C
 Size            =                   150000
 Iterations      =                       75
 Time in seconds =                    10.84
 Total threads   =                       96
 Avail threads   =                       96
 Mop/s total     =                 13228.12
 Mop/s/thread    =                   137.79
 Operation type  =           floating point
 Verification    =               SUCCESSFUL
 Version         =                    3.4.3
 Compile date    =              07 Apr 2025

 Compile options:
    FC           = gfortran
    FLINK        = $(FC)
    F_LIB        = (none)
    F_INC        = (none)
    FFLAGS       = -O3 -fopenmp
    FLINKFLAGS   = $(FFLAGS)
    RAND         = randi8


 Please send all errors/feedbacks to:

 NPB Development Team
 npb@nas.nasa.gov


