2025/04/26 11:52:42 [231 202 1 12]
2025/04/26 11:52:42 successfully loaded filter!


 NAS Parallel Benchmarks (NPB3.4-OMP) - IS Benchmark

 Size:  134217728  (class C)
 Iterations:  10
 Number of available threads:  96


   iteration
        1
        2
        3
        4
        5
        6
        7
        8
        9
        10


 IS Benchmark Completed
 Class           =                        C
 Size            =                134217728
 Iterations      =                       10
 Time in seconds =                     0.41
 Total threads   =                       96
 Avail threads   =                       96
 Mop/s total     =                  3274.83
 Mop/s/thread    =                    34.11
 Operation type  =              keys ranked
 Verification    =               SUCCESSFUL
 Version         =                    3.4.3
 Compile date    =              07 Apr 2025

 Compile options:
    CC           = gcc
    CLINK        = $(CC)
    C_LIB        = -lm
    C_INC        = (none)
    CFLAGS       = -O3 -fopenmp
    CLINKFLAGS   = $(CFLAGS)


 Please send all errors/feedbacks to:

 NPB Development Team
 npb@nas.nasa.gov


